<?xml version="1.0" encoding="UTF-8"?>
<testsuite name="edu.jsu.mcis.LeaderBoardTest" tests="1" skipped="0" failures="1" errors="0" timestamp="2016-10-05T17:34:15" hostname="Connor-PC" time="0.211">
  <properties/>
  <testcase name="testGetStudent" classname="edu.jsu.mcis.LeaderBoardTest" time="0.211">
    <failure message="java.lang.AssertionError: expected:&lt;111111&#9;Jerrod&#9;Shields&#9;jshields&gt; but was:&lt;edu.jsu.mcis.LeaderBoard@62d6b2be&gt;" type="java.lang.AssertionError">java.lang.AssertionError: expected:&lt;111111	Jerrod	Shields	jshields&gt; but was:&lt;edu.jsu.mcis.LeaderBoard@62d6b2be&gt;
	at org.junit.Assert.fail(Assert.java:88)
	at org.junit.Assert.failNotEquals(Assert.java:834)
	at org.junit.Assert.assertEquals(Assert.java:118)
	at org.junit.Assert.assertEquals(Assert.java:144)
	at edu.jsu.mcis.LeaderBoardTest.testGetStudent(LeaderBoardTest.java:40)
	at sun.reflect.NativeMethodAccessorImpl.invoke0(Native Method)
	at sun.reflect.NativeMethodAccessorImpl.invoke(NativeMethodAccessorImpl.java:62)
	at sun.reflect.DelegatingMethodAccessorImpl.invoke(DelegatingMethodAccessorImpl.java:43)
	at java.lang.reflect.Method.invoke(Method.java:497)
	at org.junit.runners.model.FrameworkMethod$1.runReflectiveCall(FrameworkMethod.java:50)
	at org.junit.internal.runners.model.ReflectiveCallable.run(ReflectiveCallable.java:12)
	at org.junit.runners.model.FrameworkMethod.invokeExplosively(FrameworkMethod.java:47)
	at org.junit.internal.runners.statements.InvokeMethod.evaluate(InvokeMethod.java:17)
	at org.junit.runners.ParentRunner.runLeaf(ParentRunner.java:325)
	at org.junit.runners.BlockJUnit4ClassRunner.runChild(BlockJUnit4ClassRunner.java:78)
	at org.junit.runners.BlockJUnit4ClassRunner.runChild(BlockJUnit4ClassRunner.java:57)
	at org.junit.runners.ParentRunner$3.run(ParentRunner.java:290)
	at org.junit.runners.ParentRunner$1.schedule(ParentRunner.java:71)
	at org.junit.runners.ParentRunner.runChildren(ParentRunner.java:288)
	at org.junit.runners.ParentRunner.access$000(ParentRunner.java:58)
	at org.junit.runners.ParentRunner$2.evaluate(ParentRunner.java:268)
	at org.junit.runners.ParentRunner.run(ParentRunner.java:363)
	at org.gradle.api.internal.tasks.testing.junit.JUnitTestClassExecuter.runTestClass(JUnitTestClassExecuter.java:114)
	at org.gradle.api.internal.tasks.testing.junit.JUnitTestClassExecuter.execute(JUnitTestClassExecuter.java:57)
	at org.gradle.api.internal.tasks.testing.junit.JUnitTestClassProcessor.processTestClass(JUnitTestClassProcessor.java:66)
	at org.gradle.api.internal.tasks.testing.SuiteTestClassProcessor.processTestClass(SuiteTestClassProcessor.java:51)
	at sun.reflect.NativeMethodAccessorImpl.invoke0(Native Method)
	at sun.reflect.NativeMethodAccessorImpl.invoke(NativeMethodAccessorImpl.java:62)
	at sun.reflect.DelegatingMethodAccessorImpl.invoke(DelegatingMethodAccessorImpl.java:43)
	at java.lang.reflect.Method.invoke(Method.java:497)
	at org.gradle.internal.dispatch.ReflectionDispatch.dispatch(ReflectionDispatch.java:35)
	at org.gradle.internal.dispatch.ReflectionDispatch.dispatch(ReflectionDispatch.java:24)
	at org.gradle.internal.dispatch.ContextClassLoaderDispatch.dispatch(ContextClassLoaderDispatch.java:32)
	at org.gradle.internal.dispatch.ProxyDispatchAdapter$DispatchingInvocationHandler.invoke(ProxyDispatchAdapter.java:93)
	at com.sun.proxy.$Proxy2.processTestClass(Unknown Source)
	at org.gradle.api.internal.tasks.testing.worker.TestWorker.processTestClass(TestWorker.java:109)
	at sun.reflect.NativeMethodAccessorImpl.invoke0(Native Method)
	at sun.reflect.NativeMethodAccessorImpl.invoke(NativeMethodAccessorImpl.java:62)
	at sun.reflect.DelegatingMethodAccessorImpl.invoke(DelegatingMethodAccessorImpl.java:43)
	at java.lang.reflect.Method.invoke(Method.java:497)
	at org.gradle.internal.dispatch.ReflectionDispatch.dispatch(ReflectionDispatch.java:35)
	at org.gradle.internal.dispatch.ReflectionDispatch.dispatch(ReflectionDispatch.java:24)
	at org.gradle.internal.remote.internal.hub.MessageHub$Handler.run(MessageHub.java:377)
	at org.gradle.internal.concurrent.ExecutorPolicy$CatchAndRecordFailures.onExecute(ExecutorPolicy.java:54)
	at org.gradle.internal.concurrent.StoppableExecutorImpl$1.run(StoppableExecutorImpl.java:40)
	at java.util.concurrent.ThreadPoolExecutor.runWorker(ThreadPoolExecutor.java:1142)
	at java.util.concurrent.ThreadPoolExecutor$Worker.run(ThreadPoolExecutor.java:617)
	at java.lang.Thread.run(Thread.java:745)
</failure>
  </testcase>
  <system-out><![CDATA[First
Jerrod
Luke
Emerson
Alma
Enid
Scottie
Ursula
Elva
Roseann
Jacob
Antwan
Vance
Cherry
Sue
Theodore
Colette
Mickey
Maritza
Ava
Ben
Kenny
Jarrod
Rory
Iva
Earnestine
Rodrick
Vicky
Glenn
Jessie
Efrain
Forest
Grant
Mario
Ricky
Mildred
Merlin
Juliet
Glen
Bryan
Danielle
Leonel
Tracy
Quentin
Brendan
Lavern
Danny
Andy
Aaron
Norris
August
Rubin
Lance
Dirk
Angel
Robert
Clinton
Jorge
Richard
Otis
Carmine
Ernest
Tameka
Eldon
Lionel
Deirdre
Darnell
Blake
Elton
Staci
Lynnette
Dorian
Jayne
Jeanine
Angel
Maynard
Angelina
Darin
Adan
Katherine
Theodore
Isaiah
Cyrus
Lou
Earnest
Selena
Reginald
Mona
Sergio
Brock
Concetta
Lincoln
Michael
Jessie
Dorothea
Millard
Leslie
Marilyn
Clarissa
Georgia
Emory
Glenn
Clay
Terrance
Edmund
Norris
Arnulfo
Erna
Rolando
Ilene
Ivory
Tyrone
Coleen
Gregorio
Susie
Brendan
Jimmie
Felix
Winnie
Morris
Lester
Bernice
Isidro
Nikki
Steven
Angeline
Kelvin
Annmarie
Doug
Kellie
Lester
Arnold
Marissa
Devin
Reinaldo
Jackie
Elvin
Alexandria
Claire
Della
Tom
Sybil
Dusty
Josue
Mavis
Rudy
Tina
Rhoda
Derek
Wesley
Darren
John
Lea
Mason
Chad
Caleb
Marissa
Ruby
Vicky
Manuel
Olivia
Dena
Bennie
Stephan
Leland
Elvira
Laverne
Alan
Johanna
Tyler
Melisa
Robert
Carson
Loretta
Quinton
Irma
Ericka
Alvaro
Coy
Courtney
Lori
Marlin
Amparo
Christopher
Katina
Dorian
Rory
Rhea
Darwin
Sergio
Billie
Casey
Lorie
Sean
Lauri
Taylor
Caleb
Rosanne
Karina
Kirsten
Diego
Kris
Williams
Lori
Lucy
Mia
Berta
Meagan
Cathleen
Bernardo
Jasper
James
Clare
Minnie
Nathaniel
Derek
Melvin
Neal
Randy
Molly
Winston
Lynne
Jarrett
Vincent
Cleveland
Ira
Lorrie
Elias
Clement
Keisha
Moises
Chris
Pearlie
Randy
Tammie
Alisa
Bobbie
Colby
Kaye
Jonas
Anton
Charley
Denver
Gail
Kendrick
Cyril
Charlie
Jonas
Ray
Cyrus
Alonzo
Jacklyn
Jess
Tamika
Ronnie
Brendan
Willie
Misty
Emery
Booker
Eloy
Dwight
Kurt
Demetrius
Rosella
Denny
Nell
Brady
Roberto
Lauren
Sarah
Rex
Mauricio
Abby
Sammie
Vera
Jesus
Damon
Nicolas
Donny
Parker
Aurora
Silvia
Ricky
Nigel
Bridgett
Sylvester
Kurtis
Clyde
Dewey
Rosalyn
Frank
Scotty
Jeffrey
Ross
Augustine
Glenna
Ed
Guadalupe
Bret
Rory
]]></system-out>
  <system-err><![CDATA[]]></system-err>
</testsuite>
