<?xml version="1.0" encoding="UTF-8"?>
<testsuite name="edu.jsu.mcis.LeaderBoardTest" tests="2" skipped="0" failures="2" errors="0" timestamp="2016-10-07T17:58:20" hostname="DESKTOP-V0QVIHF" time="0.1">
  <properties/>
  <testcase name="testGetStudent" classname="edu.jsu.mcis.LeaderBoardTest" time="0.095">
    <failure message="org.junit.ComparisonFailure: expected:&lt;[111111] Jerrod Shields jshields@jsu.edu]&gt; but was:&lt;[[[&quot;ID&quot;]&quot;First&quot;&quot;Last&quot;&quot;Email&quot;, [&quot;111111&quot;]&quot;Jerrod&quot;&quot;Shields&quot;&quot;jshields&quot;, [&quot;111112&quot;]&quot;Luke&quot;&quot;Gillespie&quot;&quot;lgillespie&quot;, [&quot;111113&quot;]&quot;Emerson&quot;&quot;Scott&quot;&quot;escott&quot;, [&quot;111114&quot;]&quot;Alma&quot;&quot;Kidd&quot;&quot;akidd&quot;, [&quot;111115&quot;]&quot;Enid&quot;&quot;Keith&quot;&quot;ekeith&quot;, [&quot;111116&quot;]&quot;Scottie&quot;&quot;Adams&quot;&quot;sadams&quot;, [&quot;111117&quot;]&quot;Ursula&quot;&quot;Peters&quot;&quot;upeters&quot;, [&quot;111118&quot;]&quot;Elva&quot;&quot;Cobb&quot;&quot;ecobb&quot;, [&quot;111119&quot;]&quot;Roseann&quot;&quot;Townsend&quot;&quot;rtownsend&quot;, [&quot;111120&quot;]&quot;Jacob&quot;&quot;Ferrell&quot;&quot;jferrell&quot;, [&quot;111121&quot;]&quot;Antwan&quot;&quot;Bird&quot;&quot;abird&quot;, [&quot;111122&quot;]&quot;Vance&quot;&quot;McClain&quot;&quot;vmcclain&quot;, [&quot;111123&quot;]&quot;Cherry&quot;&quot;Hayden&quot;&quot;chayden&quot;, [&quot;111124&quot;]&quot;Sue&quot;&quot;Wilkins&quot;&quot;swilkins&quot;, [&quot;111125&quot;]&quot;Theodore&quot;&quot;Campbell&quot;&quot;tcampbell&quot;, [&quot;111126&quot;]&quot;Colette&quot;&quot;Huber&quot;&quot;chuber&quot;, [&quot;111127&quot;]&quot;Mickey&quot;&quot;Guerra&quot;&quot;mguerra&quot;, [&quot;111128&quot;]&quot;Maritza&quot;&quot;Abbott&quot;&quot;mabbott&quot;, [&quot;111129&quot;]&quot;Ava&quot;&quot;Watson&quot;&quot;awatson&quot;, [&quot;111130&quot;]&quot;Ben&quot;&quot;Brady&quot;&quot;bbrady&quot;, [&quot;111131&quot;]&quot;Kenny&quot;&quot;Morales&quot;&quot;kmorales&quot;, [&quot;111132&quot;]&quot;Jarrod&quot;&quot;Holman&quot;&quot;jholman&quot;, [&quot;111133&quot;]&quot;Rory&quot;&quot;Smith&quot;&quot;rsmith&quot;, [&quot;111134&quot;]&quot;Iva&quot;&quot;Fox&quot;&quot;ifox&quot;, [&quot;111135&quot;]&quot;Earnestine&quot;&quot;Ayala&quot;&quot;eayala&quot;, [&quot;111136&quot;]&quot;Rodrick&quot;&quot;Sims&quot;&quot;rsims&quot;, [&quot;111137&quot;]&quot;Vicky&quot;&quot;Dejesus&quot;&quot;vdejesus&quot;, [&quot;111138&quot;]&quot;Glenn&quot;&quot;Bean&quot;&quot;gbean&quot;, [&quot;111139&quot;]&quot;Jessie&quot;&quot;Hernandez&quot;&quot;jhernandez&quot;, [&quot;111140&quot;]&quot;Efrain&quot;&quot;Bowers&quot;&quot;ebowers&quot;, [&quot;111141&quot;]&quot;Forest&quot;&quot;Rasmussen&quot;&quot;frasmussen&quot;, [&quot;111142&quot;]&quot;Grant&quot;&quot;Stevenson&quot;&quot;gstevenson&quot;, [&quot;111143&quot;]&quot;Mario&quot;&quot;Larsen&quot;&quot;mlarsen&quot;, [&quot;111144&quot;]&quot;Ricky&quot;&quot;Bartlett&quot;&quot;rbartlett&quot;, [&quot;111145&quot;]&quot;Mildred&quot;&quot;Petty&quot;&quot;mpetty&quot;, [&quot;111146&quot;]&quot;Merlin&quot;&quot;Gilliam&quot;&quot;mgilliam&quot;, [&quot;111147&quot;]&quot;Juliet&quot;&quot;Rutledge&quot;&quot;jrutledge&quot;, [&quot;111148&quot;]&quot;Glen&quot;&quot;Goodman&quot;&quot;ggoodman&quot;, [&quot;111149&quot;]&quot;Bryan&quot;&quot;Ortega&quot;&quot;bortega&quot;, [&quot;111150&quot;]&quot;Danielle&quot;&quot;Woodward&quot;&quot;dwoodward&quot;, [&quot;111151&quot;]&quot;Leonel&quot;&quot;Myers&quot;&quot;lmyers&quot;, [&quot;111152&quot;]&quot;Tracy&quot;&quot;Franklin&quot;&quot;tfranklin&quot;, [&quot;111153&quot;]&quot;Quentin&quot;&quot;Harrison&quot;&quot;qharrison&quot;, [&quot;111154&quot;]&quot;Brendan&quot;&quot;Salas&quot;&quot;bsalas&quot;, [&quot;111155&quot;]&quot;Lavern&quot;&quot;Nieves&quot;&quot;lnieves&quot;, [&quot;111156&quot;]&quot;Danny&quot;&quot;Brooks&quot;&quot;dbrooks&quot;, [&quot;111157&quot;]&quot;Andy&quot;&quot;Joyner&quot;&quot;ajoyner&quot;, [&quot;111158&quot;]&quot;Aaron&quot;&quot;McConnell&quot;&quot;amcconnell&quot;, [&quot;111159&quot;]&quot;Norris&quot;&quot;Fry&quot;&quot;nfry&quot;, [&quot;111160&quot;]&quot;August&quot;&quot;Contreras&quot;&quot;acontreras&quot;, [&quot;111161&quot;]&quot;Rubin&quot;&quot;Goodman&quot;&quot;rgoodman&quot;, [&quot;111162&quot;]&quot;Lance&quot;&quot;Glenn&quot;&quot;lglenn&quot;, [&quot;111163&quot;]&quot;Dirk&quot;&quot;Kelley&quot;&quot;dkelley&quot;, [&quot;111164&quot;]&quot;Angel&quot;&quot;Cantrell&quot;&quot;acantrell&quot;, [&quot;111165&quot;]&quot;Robert&quot;&quot;Buckner&quot;&quot;rbuckner&quot;, [&quot;111166&quot;]&quot;Clinton&quot;&quot;Lester&quot;&quot;clester&quot;, [&quot;111167&quot;]&quot;Jorge&quot;&quot;Herrera&quot;&quot;jherrera&quot;, [&quot;111168&quot;]&quot;Richard&quot;&quot;Livingston&quot;&quot;rlivingston&quot;, [&quot;111169&quot;]&quot;Otis&quot;&quot;Pate&quot;&quot;opate&quot;, [&quot;111170&quot;]&quot;Carmine&quot;&quot;Good&quot;&quot;cgood&quot;, [&quot;111171&quot;]&quot;Ernest&quot;&quot;Beck&quot;&quot;ebeck&quot;, [&quot;111172&quot;]&quot;Tameka&quot;&quot;Kemp&quot;&quot;tkemp&quot;, [&quot;111173&quot;]&quot;Eldon&quot;&quot;Gibbs&quot;&quot;egibbs&quot;, [&quot;111174&quot;]&quot;Lionel&quot;&quot;Dale&quot;&quot;ldale&quot;, [&quot;111175&quot;]&quot;Deirdre&quot;&quot;Burns&quot;&quot;dburns&quot;, [&quot;111176&quot;]&quot;Darnell&quot;&quot;Pacheco&quot;&quot;dpacheco&quot;, [&quot;111177&quot;]&quot;Blake&quot;&quot;Newton&quot;&quot;bnewton&quot;, [&quot;111178&quot;]&quot;Elton&quot;&quot;Wells&quot;&quot;ewells&quot;, [&quot;111179&quot;]&quot;Staci&quot;&quot;Bryan&quot;&quot;sbryan&quot;, [&quot;111180&quot;]&quot;Lynnette&quot;&quot;Sampson&quot;&quot;lsampson&quot;, [&quot;111181&quot;]&quot;Dorian&quot;&quot;Chang&quot;&quot;dchang&quot;, [&quot;111182&quot;]&quot;Jayne&quot;&quot;Kerr&quot;&quot;jkerr&quot;, [&quot;111183&quot;]&quot;Jeanine&quot;&quot;Harrell&quot;&quot;jharrell&quot;, [&quot;111184&quot;]&quot;Angel&quot;&quot;Salas&quot;&quot;asalas&quot;, [&quot;111185&quot;]&quot;Maynard&quot;&quot;Aguirre&quot;&quot;maguirre&quot;, [&quot;111186&quot;]&quot;Angelina&quot;&quot;Fitzpatrick&quot;&quot;afitzpatrick&quot;, [&quot;111187&quot;]&quot;Darin&quot;&quot;Hines&quot;&quot;dhines&quot;, [&quot;111188&quot;]&quot;Adan&quot;&quot;Murray&quot;&quot;amurray&quot;, [&quot;111189&quot;]&quot;Katherine&quot;&quot;Evans&quot;&quot;kevans&quot;, [&quot;111190&quot;]&quot;Theodore&quot;&quot;Oliver&quot;&quot;toliver&quot;, [&quot;111191&quot;]&quot;Isaiah&quot;&quot;Dotson&quot;&quot;idotson&quot;, [&quot;111192&quot;]&quot;Cyrus&quot;&quot;Booker&quot;&quot;cbooker&quot;, [&quot;111193&quot;]&quot;Lou&quot;&quot;Small&quot;&quot;lsmall&quot;, [&quot;111194&quot;]&quot;Earnest&quot;&quot;Dodson&quot;&quot;edodson&quot;, [&quot;111195&quot;]&quot;Selena&quot;&quot;Phelps&quot;&quot;sphelps&quot;, [&quot;111196&quot;]&quot;Reginald&quot;&quot;Franco&quot;&quot;rfranco&quot;, [&quot;111197&quot;]&quot;Mona&quot;&quot;Cotton&quot;&quot;mcotton&quot;, [&quot;111198&quot;]&quot;Sergio&quot;&quot;Tucker&quot;&quot;stucker&quot;, [&quot;111199&quot;]&quot;Brock&quot;&quot;Merrill&quot;&quot;bmerrill&quot;, [&quot;111200&quot;]&quot;Concetta&quot;&quot;Skinner&quot;&quot;cskinner&quot;, [&quot;111201&quot;]&quot;Lincoln&quot;&quot;Jarvis&quot;&quot;ljarvis&quot;, [&quot;111202&quot;]&quot;Michael&quot;&quot;Simpson&quot;&quot;msimpson&quot;, [&quot;111203&quot;]&quot;Jessie&quot;&quot;Meyer&quot;&quot;jmeyer&quot;, [&quot;111204&quot;]&quot;Dorothea&quot;&quot;Lloyd&quot;&quot;dlloyd&quot;, [&quot;111205&quot;]&quot;Millard&quot;&quot;Puckett&quot;&quot;mpuckett&quot;, [&quot;111206&quot;]&quot;Leslie&quot;&quot;Meyers&quot;&quot;lmeyers&quot;, [&quot;111207&quot;]&quot;Marilyn&quot;&quot;Shields&quot;&quot;mshields&quot;, [&quot;111208&quot;]&quot;Clarissa&quot;&quot;Nelson&quot;&quot;cnelson&quot;, [&quot;111209&quot;]&quot;Georgia&quot;&quot;Guzman&quot;&quot;gguzman&quot;, [&quot;111210&quot;]&quot;Emory&quot;&quot;Pittman&quot;&quot;epittman&quot;, [&quot;111211&quot;]&quot;Glenn&quot;&quot;Gamble&quot;&quot;ggamble&quot;, [&quot;111212&quot;]&quot;Clay&quot;&quot;David&quot;&quot;cdavid&quot;, [&quot;111213&quot;]&quot;Terrance&quot;&quot;Mayo&quot;&quot;tmayo&quot;, [&quot;111214&quot;]&quot;Edmund&quot;&quot;Tillman&quot;&quot;etillman&quot;, [&quot;111215&quot;]&quot;Norris&quot;&quot;Burnett&quot;&quot;nburnett&quot;, [&quot;111216&quot;]&quot;Arnulfo&quot;&quot;Travis&quot;&quot;atravis&quot;, [&quot;111217&quot;]&quot;Erna&quot;&quot;Bean&quot;&quot;ebean&quot;, [&quot;111218&quot;]&quot;Rolando&quot;&quot;Schroeder&quot;&quot;rschroeder&quot;, [&quot;111219&quot;]&quot;Ilene&quot;&quot;Moore&quot;&quot;imoore&quot;, [&quot;111220&quot;]&quot;Ivory&quot;&quot;Simon&quot;&quot;isimon&quot;, [&quot;111221&quot;]&quot;Tyrone&quot;&quot;Frank&quot;&quot;tfrank&quot;, [&quot;111222&quot;]&quot;Coleen&quot;&quot;Larsen&quot;&quot;clarsen&quot;, [&quot;111223&quot;]&quot;Gregorio&quot;&quot;Wolf&quot;&quot;gwolf&quot;, [&quot;111224&quot;]&quot;Susie&quot;&quot;Franco&quot;&quot;sfranco&quot;, [&quot;111225&quot;]&quot;Brendan&quot;&quot;Whitaker&quot;&quot;bwhitaker&quot;, [&quot;111226&quot;]&quot;Jimmie&quot;&quot;Brown&quot;&quot;jbrown&quot;, [&quot;111227&quot;]&quot;Felix&quot;&quot;Ayers&quot;&quot;fayers&quot;, [&quot;111228&quot;]&quot;Winnie&quot;&quot;Roberson&quot;&quot;wroberson&quot;, [&quot;111229&quot;]&quot;Morris&quot;&quot;Cobb&quot;&quot;mcobb&quot;, [&quot;111230&quot;]&quot;Lester&quot;&quot;Coffey&quot;&quot;lcoffey&quot;, [&quot;111231&quot;]&quot;Bernice&quot;&quot;Cherry&quot;&quot;bcherry&quot;, [&quot;111232&quot;]&quot;Isidro&quot;&quot;Thomas&quot;&quot;ithomas&quot;, [&quot;111233&quot;]&quot;Nikki&quot;&quot;Cherry&quot;&quot;ncherry&quot;, [&quot;111234&quot;]&quot;Steven&quot;&quot;Witt&quot;&quot;switt&quot;, [&quot;111235&quot;]&quot;Angeline&quot;&quot;Sharpe&quot;&quot;asharpe&quot;, [&quot;111236&quot;]&quot;Kelvin&quot;&quot;Castillo&quot;&quot;kcastillo&quot;, [&quot;111237&quot;]&quot;Annmarie&quot;&quot;Owen&quot;&quot;aowen&quot;, [&quot;111238&quot;]&quot;Doug&quot;&quot;York&quot;&quot;dyork&quot;, [&quot;111239&quot;]&quot;Kellie&quot;&quot;Welch&quot;&quot;kwelch&quot;, [&quot;111240&quot;]&quot;Lester&quot;&quot;Fernandez&quot;&quot;lfernandez&quot;, [&quot;111241&quot;]&quot;Arnold&quot;&quot;Moore&quot;&quot;amoore&quot;, [&quot;111242&quot;]&quot;Marissa&quot;&quot;Combs&quot;&quot;mcombs&quot;, [&quot;111243&quot;]&quot;Devin&quot;&quot;Tran&quot;&quot;dtran&quot;, [&quot;111244&quot;]&quot;Reinaldo&quot;&quot;Nelson&quot;&quot;rnelson&quot;, [&quot;111245&quot;]&quot;Jackie&quot;&quot;Carlson&quot;&quot;jcarlson&quot;, [&quot;111246&quot;]&quot;Elvin&quot;&quot;Valenzuela&quot;&quot;evalenzuela&quot;, [&quot;111247&quot;]&quot;Alexandria&quot;&quot;Dickson&quot;&quot;adickson&quot;, [&quot;111248&quot;]&quot;Claire&quot;&quot;Carpenter&quot;&quot;ccarpenter&quot;, [&quot;111249&quot;]&quot;Della&quot;&quot;Osborne&quot;&quot;dosborne&quot;, [&quot;111250&quot;]&quot;Tom&quot;&quot;Pittman&quot;&quot;tpittman&quot;, [&quot;111251&quot;]&quot;Sybil&quot;&quot;Rios&quot;&quot;srios&quot;, [&quot;111252&quot;]&quot;Dusty&quot;&quot;Holmes&quot;&quot;dholmes&quot;, [&quot;111253&quot;]&quot;Josue&quot;&quot;Peters&quot;&quot;jpeters&quot;, [&quot;111254&quot;]&quot;Mavis&quot;&quot;Fry&quot;&quot;mfry&quot;, [&quot;111255&quot;]&quot;Rudy&quot;&quot;Powell&quot;&quot;rpowell&quot;, [&quot;111256&quot;]&quot;Tina&quot;&quot;Matthews&quot;&quot;tmatthews&quot;, [&quot;111257&quot;]&quot;Rhoda&quot;&quot;Hurley&quot;&quot;rhurley&quot;, [&quot;111258&quot;]&quot;Derek&quot;&quot;Fields&quot;&quot;dfields&quot;, [&quot;111259&quot;]&quot;Wesley&quot;&quot;O'Neil&quot;&quot;woneil&quot;, [&quot;111260&quot;]&quot;Darren&quot;&quot;Parks&quot;&quot;dparks&quot;, [&quot;111261&quot;]&quot;John&quot;&quot;Vance&quot;&quot;jvance&quot;, [&quot;111262&quot;]&quot;Lea&quot;&quot;Shaffer&quot;&quot;lshaffer&quot;, [&quot;111263&quot;]&quot;Mason&quot;&quot;Baker&quot;&quot;mbaker&quot;, [&quot;111264&quot;]&quot;Chad&quot;&quot;Benjamin&quot;&quot;cbenjamin&quot;, [&quot;111265&quot;]&quot;Caleb&quot;&quot;Bolton&quot;&quot;cbolton&quot;, [&quot;111266&quot;]&quot;Marissa&quot;&quot;Dejesus&quot;&quot;mdejesus&quot;, [&quot;111267&quot;]&quot;Ruby&quot;&quot;Carey&quot;&quot;rcarey&quot;, [&quot;111268&quot;]&quot;Vicky&quot;&quot;Landry&quot;&quot;vlandry&quot;, [&quot;111269&quot;]&quot;Manuel&quot;&quot;Lawson&quot;&quot;mlawson&quot;, [&quot;111270&quot;]&quot;Olivia&quot;&quot;Roberts&quot;&quot;oroberts&quot;, [&quot;111271&quot;]&quot;Dena&quot;&quot;Bennett&quot;&quot;dbennett&quot;, [&quot;111272&quot;]&quot;Bennie&quot;&quot;Cantu&quot;&quot;bcantu&quot;, [&quot;111273&quot;]&quot;Stephan&quot;&quot;Chapman&quot;&quot;schapman&quot;, [&quot;111274&quot;]&quot;Leland&quot;&quot;Howell&quot;&quot;lhowell&quot;, [&quot;111275&quot;]&quot;Elvira&quot;&quot;Freeman&quot;&quot;efreeman&quot;, [&quot;111276&quot;]&quot;Laverne&quot;&quot;Chavez&quot;&quot;lchavez&quot;, [&quot;111277&quot;]&quot;Alan&quot;&quot;Burt&quot;&quot;aburt&quot;, [&quot;111278&quot;]&quot;Johanna&quot;&quot;Fry&quot;&quot;jfry&quot;, [&quot;111279&quot;]&quot;Tyler&quot;&quot;Combs&quot;&quot;tcombs&quot;, [&quot;111280&quot;]&quot;Melisa&quot;&quot;Whitaker&quot;&quot;mwhitaker&quot;, [&quot;111281&quot;]&quot;Robert&quot;&quot;Soto&quot;&quot;rsoto&quot;, [&quot;111282&quot;]&quot;Carson&quot;&quot;Moody&quot;&quot;cmoody&quot;, [&quot;111283&quot;]&quot;Loretta&quot;&quot;Francis&quot;&quot;lfrancis&quot;, [&quot;111284&quot;]&quot;Quinton&quot;&quot;Porter&quot;&quot;qporter&quot;, [&quot;111285&quot;]&quot;Irma&quot;&quot;Glover&quot;&quot;iglover&quot;, [&quot;111286&quot;]&quot;Ericka&quot;&quot;Schneider&quot;&quot;eschneider&quot;, [&quot;111287&quot;]&quot;Alvaro&quot;&quot;Copeland&quot;&quot;acopeland&quot;, [&quot;111288&quot;]&quot;Coy&quot;&quot;Ochoa&quot;&quot;cochoa&quot;, [&quot;111289&quot;]&quot;Courtney&quot;&quot;Cortez&quot;&quot;ccortez&quot;, [&quot;111290&quot;]&quot;Lori&quot;&quot;Farmer&quot;&quot;lfarmer&quot;, [&quot;111291&quot;]&quot;Marlin&quot;&quot;Jones&quot;&quot;mjones&quot;, [&quot;111292&quot;]&quot;Amparo&quot;&quot;Benjamin&quot;&quot;abenjamin&quot;, [&quot;111293&quot;]&quot;Christopher&quot;&quot;Garza&quot;&quot;cgarza&quot;, [&quot;111294&quot;]&quot;Katina&quot;&quot;Christensen&quot;&quot;kchristensen&quot;, [&quot;111295&quot;]&quot;Dorian&quot;&quot;Burton&quot;&quot;dburton&quot;, [&quot;111296&quot;]&quot;Rory&quot;&quot;Bryan&quot;&quot;rbryan&quot;, [&quot;111297&quot;]&quot;Rhea&quot;&quot;Kaufman&quot;&quot;rkaufman&quot;, [&quot;111298&quot;]&quot;Darwin&quot;&quot;Lindsey&quot;&quot;dlindsey&quot;, [&quot;111299&quot;]&quot;Sergio&quot;&quot;McLean&quot;&quot;smclean&quot;, [&quot;111300&quot;]&quot;Billie&quot;&quot;Davenport&quot;&quot;bdavenport&quot;, [&quot;111301&quot;]&quot;Casey&quot;&quot;Waters&quot;&quot;cwaters&quot;, [&quot;111302&quot;]&quot;Lorie&quot;&quot;Russo&quot;&quot;lrusso&quot;, [&quot;111303&quot;]&quot;Sean&quot;&quot;Wolf&quot;&quot;swolf&quot;, [&quot;111304&quot;]&quot;Lauri&quot;&quot;Preston&quot;&quot;lpreston&quot;, [&quot;111305&quot;]&quot;Taylor&quot;&quot;Ortiz&quot;&quot;tortiz&quot;, [&quot;111306&quot;]&quot;Caleb&quot;&quot;Guy&quot;&quot;cguy&quot;, [&quot;111307&quot;]&quot;Rosanne&quot;&quot;Mathews&quot;&quot;rmathews&quot;, [&quot;111308&quot;]&quot;Karina&quot;&quot;Strickland&quot;&quot;kstrickland&quot;, [&quot;111309&quot;]&quot;Kirsten&quot;&quot;Winters&quot;&quot;kwinters&quot;, [&quot;111310&quot;]&quot;Diego&quot;&quot;Christensen&quot;&quot;dchristensen&quot;, [&quot;111311&quot;]&quot;Kris&quot;&quot;Mills&quot;&quot;kmills&quot;, [&quot;111312&quot;]&quot;Williams&quot;&quot;Murphy&quot;&quot;wmurphy&quot;, [&quot;111313&quot;]&quot;Lori&quot;&quot;Chang&quot;&quot;lchang&quot;, [&quot;111314&quot;]&quot;Lucy&quot;&quot;Sykes&quot;&quot;lsykes&quot;, [&quot;111315&quot;]&quot;Mia&quot;&quot;Dawson&quot;&quot;mdawson&quot;, [&quot;111316&quot;]&quot;Berta&quot;&quot;Hale&quot;&quot;bhale&quot;, [&quot;111317&quot;]&quot;Meagan&quot;&quot;Hart&quot;&quot;mhart&quot;, [&quot;111318&quot;]&quot;Cathleen&quot;&quot;Guzman&quot;&quot;cguzman&quot;, [&quot;111319&quot;]&quot;Bernardo&quot;&quot;Stevenson&quot;&quot;bstevenson&quot;, [&quot;111320&quot;]&quot;Jasper&quot;&quot;Hernandez&quot;&quot;jhernandez1&quot;, [&quot;111321&quot;]&quot;James&quot;&quot;Fuentes&quot;&quot;jfuentes&quot;, [&quot;111322&quot;]&quot;Clare&quot;&quot;Heath&quot;&quot;cheath&quot;, [&quot;111323&quot;]&quot;Minnie&quot;&quot;Jackson&quot;&quot;mjackson&quot;, [&quot;111324&quot;]&quot;Nathaniel&quot;&quot;Ward&quot;&quot;nward&quot;, [&quot;111325&quot;]&quot;Derek&quot;&quot;Bowen&quot;&quot;dbowen&quot;, [&quot;111326&quot;]&quot;Melvin&quot;&quot;Vazquez&quot;&quot;mvazquez&quot;, [&quot;111327&quot;]&quot;Neal&quot;&quot;Johns&quot;&quot;njohns&quot;, [&quot;111328&quot;]&quot;Randy&quot;&quot;Stephenson&quot;&quot;rstephenson&quot;, [&quot;111329&quot;]&quot;Molly&quot;&quot;Delaney&quot;&quot;mdelaney&quot;, [&quot;111330&quot;]&quot;Winston&quot;&quot;Glenn&quot;&quot;wglenn&quot;, [&quot;111331&quot;]&quot;Lynne&quot;&quot;Cobb&quot;&quot;lcobb&quot;, [&quot;111332&quot;]&quot;Jarrett&quot;&quot;Mayer&quot;&quot;jmayer&quot;, [&quot;111333&quot;]&quot;Vincent&quot;&quot;Joseph&quot;&quot;vjoseph&quot;, [&quot;111334&quot;]&quot;Cleveland&quot;&quot;Guerrero&quot;&quot;cguerrero&quot;, [&quot;111335&quot;]&quot;Ira&quot;&quot;Richardson&quot;&quot;irichardson&quot;, [&quot;111336&quot;]&quot;Lorrie&quot;&quot;Ellison&quot;&quot;lellison&quot;, [&quot;111337&quot;]&quot;Elias&quot;&quot;Talley&quot;&quot;etalley&quot;, [&quot;111338&quot;]&quot;Clement&quot;&quot;Le&quot;&quot;cle&quot;, [&quot;111339&quot;]&quot;Keisha&quot;&quot;Stone&quot;&quot;kstone&quot;, [&quot;111340&quot;]&quot;Moises&quot;&quot;Potts&quot;&quot;mpotts&quot;, [&quot;111341&quot;]&quot;Chris&quot;&quot;Blanchard&quot;&quot;cblanchard&quot;, [&quot;111342&quot;]&quot;Pearlie&quot;&quot;Hancock&quot;&quot;phancock&quot;, [&quot;111343&quot;]&quot;Randy&quot;&quot;Kim&quot;&quot;rkim&quot;, [&quot;111344&quot;]&quot;Tammie&quot;&quot;Ewing&quot;&quot;tewing&quot;, [&quot;111345&quot;]&quot;Alisa&quot;&quot;Shaw&quot;&quot;ashaw&quot;, [&quot;111346&quot;]&quot;Bobbie&quot;&quot;Moore&quot;&quot;bmoore&quot;, [&quot;111347&quot;]&quot;Colby&quot;&quot;Barr&quot;&quot;cbarr&quot;, [&quot;111348&quot;]&quot;Kaye&quot;&quot;Pierce&quot;&quot;kpierce&quot;, [&quot;111349&quot;]&quot;Jonas&quot;&quot;Miranda&quot;&quot;jmiranda&quot;, [&quot;111350&quot;]&quot;Anton&quot;&quot;Wood&quot;&quot;awood&quot;, [&quot;111351&quot;]&quot;Charley&quot;&quot;Sheppard&quot;&quot;csheppard&quot;, [&quot;111352&quot;]&quot;Denver&quot;&quot;Skinner&quot;&quot;dskinner&quot;, [&quot;111353&quot;]&quot;Gail&quot;&quot;Carver&quot;&quot;gcarver&quot;, [&quot;111354&quot;]&quot;Kendrick&quot;&quot;Lawson&quot;&quot;klawson&quot;, [&quot;111355&quot;]&quot;Cyril&quot;&quot;Best&quot;&quot;cbest&quot;, [&quot;111356&quot;]&quot;Charlie&quot;&quot;Shepherd&quot;&quot;cshepherd&quot;, [&quot;111357&quot;]&quot;Jonas&quot;&quot;Potts&quot;&quot;jpotts&quot;, [&quot;111358&quot;]&quot;Ray&quot;&quot;Armstrong&quot;&quot;rarmstrong&quot;, [&quot;111359&quot;]&quot;Cyrus&quot;&quot;Mays&quot;&quot;cmays&quot;, [&quot;111360&quot;]&quot;Alonzo&quot;&quot;Schmidt&quot;&quot;aschmidt&quot;, [&quot;111361&quot;]&quot;Jacklyn&quot;&quot;Simpson&quot;&quot;jsimpson&quot;, [&quot;111362&quot;]&quot;Jess&quot;&quot;Rowe&quot;&quot;jrowe&quot;, [&quot;111363&quot;]&quot;Tamika&quot;&quot;Hinton&quot;&quot;thinton&quot;, [&quot;111364&quot;]&quot;Ronnie&quot;&quot;William&quot;&quot;rwilliam&quot;, [&quot;111365&quot;]&quot;Brendan&quot;&quot;Gamble&quot;&quot;bgamble&quot;, [&quot;111366&quot;]&quot;Willie&quot;&quot;Lloyd&quot;&quot;wlloyd&quot;, [&quot;111367&quot;]&quot;Misty&quot;&quot;Marquez&quot;&quot;mmarquez&quot;, [&quot;111368&quot;]&quot;Emery&quot;&quot;Roth&quot;&quot;eroth&quot;, [&quot;111369&quot;]&quot;Booker&quot;&quot;Maynard&quot;&quot;bmaynard&quot;, [&quot;111370&quot;]&quot;Eloy&quot;&quot;Wise&quot;&quot;ewise&quot;, [&quot;111371&quot;]&quot;Dwight&quot;&quot;Schneider&quot;&quot;dschneider&quot;, [&quot;111372&quot;]&quot;Kurt&quot;&quot;Mullins&quot;&quot;kmullins&quot;, [&quot;111373&quot;]&quot;Demetrius&quot;&quot;Winters&quot;&quot;dwinters&quot;, [&quot;111374&quot;]&quot;Rosella&quot;&quot;Fitzpatrick&quot;&quot;rfitzpatrick&quot;, [&quot;111375&quot;]&quot;Denny&quot;&quot;Keith&quot;&quot;dkeith&quot;, [&quot;111376&quot;]&quot;Nell&quot;&quot;Burt&quot;&quot;nburt&quot;, [&quot;111377&quot;]&quot;Brady&quot;&quot;Doyle&quot;&quot;bdoyle&quot;, [&quot;111378&quot;]&quot;Roberto&quot;&quot;Thompson&quot;&quot;rthompson&quot;, [&quot;111379&quot;]&quot;Lauren&quot;&quot;O'Brien&quot;&quot;lobrien&quot;, [&quot;111380&quot;]&quot;Sarah&quot;&quot;Contreras&quot;&quot;scontreras&quot;, [&quot;111381&quot;]&quot;Rex&quot;&quot;Gilliam&quot;&quot;rgilliam&quot;, [&quot;111382&quot;]&quot;Mauricio&quot;&quot;Harrington&quot;&quot;mharrington&quot;, [&quot;111383&quot;]&quot;Abby&quot;&quot;Berry&quot;&quot;aberry&quot;, [&quot;111384&quot;]&quot;Sammie&quot;&quot;Blanchard&quot;&quot;sblanchard&quot;, [&quot;111385&quot;]&quot;Vera&quot;&quot;Shepherd&quot;&quot;vshepherd&quot;, [&quot;111386&quot;]&quot;Jesus&quot;&quot;Wolfe&quot;&quot;jwolfe&quot;, [&quot;111387&quot;]&quot;Damon&quot;&quot;Shaffer&quot;&quot;dshaffer&quot;, [&quot;111388&quot;]&quot;Nicolas&quot;&quot;Miles&quot;&quot;nmiles&quot;, [&quot;111389&quot;]&quot;Donny&quot;&quot;Odom&quot;&quot;dodom&quot;, [&quot;111390&quot;]&quot;Parker&quot;&quot;Davenport&quot;&quot;pdavenport&quot;, [&quot;111391&quot;]&quot;Aurora&quot;&quot;Foreman&quot;&quot;aforeman&quot;, [&quot;111392&quot;]&quot;Silvia&quot;&quot;Ewing&quot;&quot;sewing&quot;, [&quot;111393&quot;]&quot;Ricky&quot;&quot;Lang&quot;&quot;rlang&quot;, [&quot;111394&quot;]&quot;Nigel&quot;&quot;Fields&quot;&quot;nfields&quot;, [&quot;111395&quot;]&quot;Bridgett&quot;&quot;Grimes&quot;&quot;bgrimes&quot;, [&quot;111396&quot;]&quot;Sylvester&quot;&quot;McLeod&quot;&quot;smcleod&quot;, [&quot;111397&quot;]&quot;Kurtis&quot;&quot;Hyde&quot;&quot;khyde&quot;, [&quot;111398&quot;]&quot;Clyde&quot;&quot;Duffy&quot;&quot;cduffy&quot;, [&quot;111399&quot;]&quot;Dewey&quot;&quot;Roberts&quot;&quot;droberts&quot;, [&quot;111400&quot;]&quot;Rosalyn&quot;&quot;Dotson&quot;&quot;rdotson&quot;, [&quot;111401&quot;]&quot;Frank&quot;&quot;Castillo&quot;&quot;fcastillo&quot;, [&quot;111402&quot;]&quot;Scotty&quot;&quot;Horne&quot;&quot;shorne&quot;, [&quot;111403&quot;]&quot;Jeffrey&quot;&quot;Drake&quot;&quot;jdrake&quot;, [&quot;111404&quot;]&quot;Ross&quot;&quot;Bauer&quot;&quot;rbauer&quot;, [&quot;111405&quot;]&quot;Augustine&quot;&quot;Osborne&quot;&quot;aosborne&quot;, [&quot;111406&quot;]&quot;Glenna&quot;&quot;Walter&quot;&quot;gwalter&quot;, [&quot;111407&quot;]&quot;Ed&quot;&quot;Terrell&quot;&quot;eterrell&quot;, [&quot;111408&quot;]&quot;Guadalupe&quot;&quot;Alford&quot;&quot;galford&quot;, [&quot;111409&quot;]&quot;Bret&quot;&quot;Marsh&quot;&quot;bmarsh&quot;, [&quot;111410&quot;]&quot;Rory&quot;&quot;Dominguez&quot;&quot;rdominguez&quot;]]&gt;" type="org.junit.ComparisonFailure">org.junit.ComparisonFailure: expected:&lt;[111111] Jerrod Shields jshields@jsu.edu]&gt; but was:&lt;[[[&quot;ID&quot;]&quot;First&quot;&quot;Last&quot;&quot;Email&quot;, [&quot;111111&quot;]&quot;Jerrod&quot;&quot;Shields&quot;&quot;jshields&quot;, [&quot;111112&quot;]&quot;Luke&quot;&quot;Gillespie&quot;&quot;lgillespie&quot;, [&quot;111113&quot;]&quot;Emerson&quot;&quot;Scott&quot;&quot;escott&quot;, [&quot;111114&quot;]&quot;Alma&quot;&quot;Kidd&quot;&quot;akidd&quot;, [&quot;111115&quot;]&quot;Enid&quot;&quot;Keith&quot;&quot;ekeith&quot;, [&quot;111116&quot;]&quot;Scottie&quot;&quot;Adams&quot;&quot;sadams&quot;, [&quot;111117&quot;]&quot;Ursula&quot;&quot;Peters&quot;&quot;upeters&quot;, [&quot;111118&quot;]&quot;Elva&quot;&quot;Cobb&quot;&quot;ecobb&quot;, [&quot;111119&quot;]&quot;Roseann&quot;&quot;Townsend&quot;&quot;rtownsend&quot;, [&quot;111120&quot;]&quot;Jacob&quot;&quot;Ferrell&quot;&quot;jferrell&quot;, [&quot;111121&quot;]&quot;Antwan&quot;&quot;Bird&quot;&quot;abird&quot;, [&quot;111122&quot;]&quot;Vance&quot;&quot;McClain&quot;&quot;vmcclain&quot;, [&quot;111123&quot;]&quot;Cherry&quot;&quot;Hayden&quot;&quot;chayden&quot;, [&quot;111124&quot;]&quot;Sue&quot;&quot;Wilkins&quot;&quot;swilkins&quot;, [&quot;111125&quot;]&quot;Theodore&quot;&quot;Campbell&quot;&quot;tcampbell&quot;, [&quot;111126&quot;]&quot;Colette&quot;&quot;Huber&quot;&quot;chuber&quot;, [&quot;111127&quot;]&quot;Mickey&quot;&quot;Guerra&quot;&quot;mguerra&quot;, [&quot;111128&quot;]&quot;Maritza&quot;&quot;Abbott&quot;&quot;mabbott&quot;, [&quot;111129&quot;]&quot;Ava&quot;&quot;Watson&quot;&quot;awatson&quot;, [&quot;111130&quot;]&quot;Ben&quot;&quot;Brady&quot;&quot;bbrady&quot;, [&quot;111131&quot;]&quot;Kenny&quot;&quot;Morales&quot;&quot;kmorales&quot;, [&quot;111132&quot;]&quot;Jarrod&quot;&quot;Holman&quot;&quot;jholman&quot;, [&quot;111133&quot;]&quot;Rory&quot;&quot;Smith&quot;&quot;rsmith&quot;, [&quot;111134&quot;]&quot;Iva&quot;&quot;Fox&quot;&quot;ifox&quot;, [&quot;111135&quot;]&quot;Earnestine&quot;&quot;Ayala&quot;&quot;eayala&quot;, [&quot;111136&quot;]&quot;Rodrick&quot;&quot;Sims&quot;&quot;rsims&quot;, [&quot;111137&quot;]&quot;Vicky&quot;&quot;Dejesus&quot;&quot;vdejesus&quot;, [&quot;111138&quot;]&quot;Glenn&quot;&quot;Bean&quot;&quot;gbean&quot;, [&quot;111139&quot;]&quot;Jessie&quot;&quot;Hernandez&quot;&quot;jhernandez&quot;, [&quot;111140&quot;]&quot;Efrain&quot;&quot;Bowers&quot;&quot;ebowers&quot;, [&quot;111141&quot;]&quot;Forest&quot;&quot;Rasmussen&quot;&quot;frasmussen&quot;, [&quot;111142&quot;]&quot;Grant&quot;&quot;Stevenson&quot;&quot;gstevenson&quot;, [&quot;111143&quot;]&quot;Mario&quot;&quot;Larsen&quot;&quot;mlarsen&quot;, [&quot;111144&quot;]&quot;Ricky&quot;&quot;Bartlett&quot;&quot;rbartlett&quot;, [&quot;111145&quot;]&quot;Mildred&quot;&quot;Petty&quot;&quot;mpetty&quot;, [&quot;111146&quot;]&quot;Merlin&quot;&quot;Gilliam&quot;&quot;mgilliam&quot;, [&quot;111147&quot;]&quot;Juliet&quot;&quot;Rutledge&quot;&quot;jrutledge&quot;, [&quot;111148&quot;]&quot;Glen&quot;&quot;Goodman&quot;&quot;ggoodman&quot;, [&quot;111149&quot;]&quot;Bryan&quot;&quot;Ortega&quot;&quot;bortega&quot;, [&quot;111150&quot;]&quot;Danielle&quot;&quot;Woodward&quot;&quot;dwoodward&quot;, [&quot;111151&quot;]&quot;Leonel&quot;&quot;Myers&quot;&quot;lmyers&quot;, [&quot;111152&quot;]&quot;Tracy&quot;&quot;Franklin&quot;&quot;tfranklin&quot;, [&quot;111153&quot;]&quot;Quentin&quot;&quot;Harrison&quot;&quot;qharrison&quot;, [&quot;111154&quot;]&quot;Brendan&quot;&quot;Salas&quot;&quot;bsalas&quot;, [&quot;111155&quot;]&quot;Lavern&quot;&quot;Nieves&quot;&quot;lnieves&quot;, [&quot;111156&quot;]&quot;Danny&quot;&quot;Brooks&quot;&quot;dbrooks&quot;, [&quot;111157&quot;]&quot;Andy&quot;&quot;Joyner&quot;&quot;ajoyner&quot;, [&quot;111158&quot;]&quot;Aaron&quot;&quot;McConnell&quot;&quot;amcconnell&quot;, [&quot;111159&quot;]&quot;Norris&quot;&quot;Fry&quot;&quot;nfry&quot;, [&quot;111160&quot;]&quot;August&quot;&quot;Contreras&quot;&quot;acontreras&quot;, [&quot;111161&quot;]&quot;Rubin&quot;&quot;Goodman&quot;&quot;rgoodman&quot;, [&quot;111162&quot;]&quot;Lance&quot;&quot;Glenn&quot;&quot;lglenn&quot;, [&quot;111163&quot;]&quot;Dirk&quot;&quot;Kelley&quot;&quot;dkelley&quot;, [&quot;111164&quot;]&quot;Angel&quot;&quot;Cantrell&quot;&quot;acantrell&quot;, [&quot;111165&quot;]&quot;Robert&quot;&quot;Buckner&quot;&quot;rbuckner&quot;, [&quot;111166&quot;]&quot;Clinton&quot;&quot;Lester&quot;&quot;clester&quot;, [&quot;111167&quot;]&quot;Jorge&quot;&quot;Herrera&quot;&quot;jherrera&quot;, [&quot;111168&quot;]&quot;Richard&quot;&quot;Livingston&quot;&quot;rlivingston&quot;, [&quot;111169&quot;]&quot;Otis&quot;&quot;Pate&quot;&quot;opate&quot;, [&quot;111170&quot;]&quot;Carmine&quot;&quot;Good&quot;&quot;cgood&quot;, [&quot;111171&quot;]&quot;Ernest&quot;&quot;Beck&quot;&quot;ebeck&quot;, [&quot;111172&quot;]&quot;Tameka&quot;&quot;Kemp&quot;&quot;tkemp&quot;, [&quot;111173&quot;]&quot;Eldon&quot;&quot;Gibbs&quot;&quot;egibbs&quot;, [&quot;111174&quot;]&quot;Lionel&quot;&quot;Dale&quot;&quot;ldale&quot;, [&quot;111175&quot;]&quot;Deirdre&quot;&quot;Burns&quot;&quot;dburns&quot;, [&quot;111176&quot;]&quot;Darnell&quot;&quot;Pacheco&quot;&quot;dpacheco&quot;, [&quot;111177&quot;]&quot;Blake&quot;&quot;Newton&quot;&quot;bnewton&quot;, [&quot;111178&quot;]&quot;Elton&quot;&quot;Wells&quot;&quot;ewells&quot;, [&quot;111179&quot;]&quot;Staci&quot;&quot;Bryan&quot;&quot;sbryan&quot;, [&quot;111180&quot;]&quot;Lynnette&quot;&quot;Sampson&quot;&quot;lsampson&quot;, [&quot;111181&quot;]&quot;Dorian&quot;&quot;Chang&quot;&quot;dchang&quot;, [&quot;111182&quot;]&quot;Jayne&quot;&quot;Kerr&quot;&quot;jkerr&quot;, [&quot;111183&quot;]&quot;Jeanine&quot;&quot;Harrell&quot;&quot;jharrell&quot;, [&quot;111184&quot;]&quot;Angel&quot;&quot;Salas&quot;&quot;asalas&quot;, [&quot;111185&quot;]&quot;Maynard&quot;&quot;Aguirre&quot;&quot;maguirre&quot;, [&quot;111186&quot;]&quot;Angelina&quot;&quot;Fitzpatrick&quot;&quot;afitzpatrick&quot;, [&quot;111187&quot;]&quot;Darin&quot;&quot;Hines&quot;&quot;dhines&quot;, [&quot;111188&quot;]&quot;Adan&quot;&quot;Murray&quot;&quot;amurray&quot;, [&quot;111189&quot;]&quot;Katherine&quot;&quot;Evans&quot;&quot;kevans&quot;, [&quot;111190&quot;]&quot;Theodore&quot;&quot;Oliver&quot;&quot;toliver&quot;, [&quot;111191&quot;]&quot;Isaiah&quot;&quot;Dotson&quot;&quot;idotson&quot;, [&quot;111192&quot;]&quot;Cyrus&quot;&quot;Booker&quot;&quot;cbooker&quot;, [&quot;111193&quot;]&quot;Lou&quot;&quot;Small&quot;&quot;lsmall&quot;, [&quot;111194&quot;]&quot;Earnest&quot;&quot;Dodson&quot;&quot;edodson&quot;, [&quot;111195&quot;]&quot;Selena&quot;&quot;Phelps&quot;&quot;sphelps&quot;, [&quot;111196&quot;]&quot;Reginald&quot;&quot;Franco&quot;&quot;rfranco&quot;, [&quot;111197&quot;]&quot;Mona&quot;&quot;Cotton&quot;&quot;mcotton&quot;, [&quot;111198&quot;]&quot;Sergio&quot;&quot;Tucker&quot;&quot;stucker&quot;, [&quot;111199&quot;]&quot;Brock&quot;&quot;Merrill&quot;&quot;bmerrill&quot;, [&quot;111200&quot;]&quot;Concetta&quot;&quot;Skinner&quot;&quot;cskinner&quot;, [&quot;111201&quot;]&quot;Lincoln&quot;&quot;Jarvis&quot;&quot;ljarvis&quot;, [&quot;111202&quot;]&quot;Michael&quot;&quot;Simpson&quot;&quot;msimpson&quot;, [&quot;111203&quot;]&quot;Jessie&quot;&quot;Meyer&quot;&quot;jmeyer&quot;, [&quot;111204&quot;]&quot;Dorothea&quot;&quot;Lloyd&quot;&quot;dlloyd&quot;, [&quot;111205&quot;]&quot;Millard&quot;&quot;Puckett&quot;&quot;mpuckett&quot;, [&quot;111206&quot;]&quot;Leslie&quot;&quot;Meyers&quot;&quot;lmeyers&quot;, [&quot;111207&quot;]&quot;Marilyn&quot;&quot;Shields&quot;&quot;mshields&quot;, [&quot;111208&quot;]&quot;Clarissa&quot;&quot;Nelson&quot;&quot;cnelson&quot;, [&quot;111209&quot;]&quot;Georgia&quot;&quot;Guzman&quot;&quot;gguzman&quot;, [&quot;111210&quot;]&quot;Emory&quot;&quot;Pittman&quot;&quot;epittman&quot;, [&quot;111211&quot;]&quot;Glenn&quot;&quot;Gamble&quot;&quot;ggamble&quot;, [&quot;111212&quot;]&quot;Clay&quot;&quot;David&quot;&quot;cdavid&quot;, [&quot;111213&quot;]&quot;Terrance&quot;&quot;Mayo&quot;&quot;tmayo&quot;, [&quot;111214&quot;]&quot;Edmund&quot;&quot;Tillman&quot;&quot;etillman&quot;, [&quot;111215&quot;]&quot;Norris&quot;&quot;Burnett&quot;&quot;nburnett&quot;, [&quot;111216&quot;]&quot;Arnulfo&quot;&quot;Travis&quot;&quot;atravis&quot;, [&quot;111217&quot;]&quot;Erna&quot;&quot;Bean&quot;&quot;ebean&quot;, [&quot;111218&quot;]&quot;Rolando&quot;&quot;Schroeder&quot;&quot;rschroeder&quot;, [&quot;111219&quot;]&quot;Ilene&quot;&quot;Moore&quot;&quot;imoore&quot;, [&quot;111220&quot;]&quot;Ivory&quot;&quot;Simon&quot;&quot;isimon&quot;, [&quot;111221&quot;]&quot;Tyrone&quot;&quot;Frank&quot;&quot;tfrank&quot;, [&quot;111222&quot;]&quot;Coleen&quot;&quot;Larsen&quot;&quot;clarsen&quot;, [&quot;111223&quot;]&quot;Gregorio&quot;&quot;Wolf&quot;&quot;gwolf&quot;, [&quot;111224&quot;]&quot;Susie&quot;&quot;Franco&quot;&quot;sfranco&quot;, [&quot;111225&quot;]&quot;Brendan&quot;&quot;Whitaker&quot;&quot;bwhitaker&quot;, [&quot;111226&quot;]&quot;Jimmie&quot;&quot;Brown&quot;&quot;jbrown&quot;, [&quot;111227&quot;]&quot;Felix&quot;&quot;Ayers&quot;&quot;fayers&quot;, [&quot;111228&quot;]&quot;Winnie&quot;&quot;Roberson&quot;&quot;wroberson&quot;, [&quot;111229&quot;]&quot;Morris&quot;&quot;Cobb&quot;&quot;mcobb&quot;, [&quot;111230&quot;]&quot;Lester&quot;&quot;Coffey&quot;&quot;lcoffey&quot;, [&quot;111231&quot;]&quot;Bernice&quot;&quot;Cherry&quot;&quot;bcherry&quot;, [&quot;111232&quot;]&quot;Isidro&quot;&quot;Thomas&quot;&quot;ithomas&quot;, [&quot;111233&quot;]&quot;Nikki&quot;&quot;Cherry&quot;&quot;ncherry&quot;, [&quot;111234&quot;]&quot;Steven&quot;&quot;Witt&quot;&quot;switt&quot;, [&quot;111235&quot;]&quot;Angeline&quot;&quot;Sharpe&quot;&quot;asharpe&quot;, [&quot;111236&quot;]&quot;Kelvin&quot;&quot;Castillo&quot;&quot;kcastillo&quot;, [&quot;111237&quot;]&quot;Annmarie&quot;&quot;Owen&quot;&quot;aowen&quot;, [&quot;111238&quot;]&quot;Doug&quot;&quot;York&quot;&quot;dyork&quot;, [&quot;111239&quot;]&quot;Kellie&quot;&quot;Welch&quot;&quot;kwelch&quot;, [&quot;111240&quot;]&quot;Lester&quot;&quot;Fernandez&quot;&quot;lfernandez&quot;, [&quot;111241&quot;]&quot;Arnold&quot;&quot;Moore&quot;&quot;amoore&quot;, [&quot;111242&quot;]&quot;Marissa&quot;&quot;Combs&quot;&quot;mcombs&quot;, [&quot;111243&quot;]&quot;Devin&quot;&quot;Tran&quot;&quot;dtran&quot;, [&quot;111244&quot;]&quot;Reinaldo&quot;&quot;Nelson&quot;&quot;rnelson&quot;, [&quot;111245&quot;]&quot;Jackie&quot;&quot;Carlson&quot;&quot;jcarlson&quot;, [&quot;111246&quot;]&quot;Elvin&quot;&quot;Valenzuela&quot;&quot;evalenzuela&quot;, [&quot;111247&quot;]&quot;Alexandria&quot;&quot;Dickson&quot;&quot;adickson&quot;, [&quot;111248&quot;]&quot;Claire&quot;&quot;Carpenter&quot;&quot;ccarpenter&quot;, [&quot;111249&quot;]&quot;Della&quot;&quot;Osborne&quot;&quot;dosborne&quot;, [&quot;111250&quot;]&quot;Tom&quot;&quot;Pittman&quot;&quot;tpittman&quot;, [&quot;111251&quot;]&quot;Sybil&quot;&quot;Rios&quot;&quot;srios&quot;, [&quot;111252&quot;]&quot;Dusty&quot;&quot;Holmes&quot;&quot;dholmes&quot;, [&quot;111253&quot;]&quot;Josue&quot;&quot;Peters&quot;&quot;jpeters&quot;, [&quot;111254&quot;]&quot;Mavis&quot;&quot;Fry&quot;&quot;mfry&quot;, [&quot;111255&quot;]&quot;Rudy&quot;&quot;Powell&quot;&quot;rpowell&quot;, [&quot;111256&quot;]&quot;Tina&quot;&quot;Matthews&quot;&quot;tmatthews&quot;, [&quot;111257&quot;]&quot;Rhoda&quot;&quot;Hurley&quot;&quot;rhurley&quot;, [&quot;111258&quot;]&quot;Derek&quot;&quot;Fields&quot;&quot;dfields&quot;, [&quot;111259&quot;]&quot;Wesley&quot;&quot;O'Neil&quot;&quot;woneil&quot;, [&quot;111260&quot;]&quot;Darren&quot;&quot;Parks&quot;&quot;dparks&quot;, [&quot;111261&quot;]&quot;John&quot;&quot;Vance&quot;&quot;jvance&quot;, [&quot;111262&quot;]&quot;Lea&quot;&quot;Shaffer&quot;&quot;lshaffer&quot;, [&quot;111263&quot;]&quot;Mason&quot;&quot;Baker&quot;&quot;mbaker&quot;, [&quot;111264&quot;]&quot;Chad&quot;&quot;Benjamin&quot;&quot;cbenjamin&quot;, [&quot;111265&quot;]&quot;Caleb&quot;&quot;Bolton&quot;&quot;cbolton&quot;, [&quot;111266&quot;]&quot;Marissa&quot;&quot;Dejesus&quot;&quot;mdejesus&quot;, [&quot;111267&quot;]&quot;Ruby&quot;&quot;Carey&quot;&quot;rcarey&quot;, [&quot;111268&quot;]&quot;Vicky&quot;&quot;Landry&quot;&quot;vlandry&quot;, [&quot;111269&quot;]&quot;Manuel&quot;&quot;Lawson&quot;&quot;mlawson&quot;, [&quot;111270&quot;]&quot;Olivia&quot;&quot;Roberts&quot;&quot;oroberts&quot;, [&quot;111271&quot;]&quot;Dena&quot;&quot;Bennett&quot;&quot;dbennett&quot;, [&quot;111272&quot;]&quot;Bennie&quot;&quot;Cantu&quot;&quot;bcantu&quot;, [&quot;111273&quot;]&quot;Stephan&quot;&quot;Chapman&quot;&quot;schapman&quot;, [&quot;111274&quot;]&quot;Leland&quot;&quot;Howell&quot;&quot;lhowell&quot;, [&quot;111275&quot;]&quot;Elvira&quot;&quot;Freeman&quot;&quot;efreeman&quot;, [&quot;111276&quot;]&quot;Laverne&quot;&quot;Chavez&quot;&quot;lchavez&quot;, [&quot;111277&quot;]&quot;Alan&quot;&quot;Burt&quot;&quot;aburt&quot;, [&quot;111278&quot;]&quot;Johanna&quot;&quot;Fry&quot;&quot;jfry&quot;, [&quot;111279&quot;]&quot;Tyler&quot;&quot;Combs&quot;&quot;tcombs&quot;, [&quot;111280&quot;]&quot;Melisa&quot;&quot;Whitaker&quot;&quot;mwhitaker&quot;, [&quot;111281&quot;]&quot;Robert&quot;&quot;Soto&quot;&quot;rsoto&quot;, [&quot;111282&quot;]&quot;Carson&quot;&quot;Moody&quot;&quot;cmoody&quot;, [&quot;111283&quot;]&quot;Loretta&quot;&quot;Francis&quot;&quot;lfrancis&quot;, [&quot;111284&quot;]&quot;Quinton&quot;&quot;Porter&quot;&quot;qporter&quot;, [&quot;111285&quot;]&quot;Irma&quot;&quot;Glover&quot;&quot;iglover&quot;, [&quot;111286&quot;]&quot;Ericka&quot;&quot;Schneider&quot;&quot;eschneider&quot;, [&quot;111287&quot;]&quot;Alvaro&quot;&quot;Copeland&quot;&quot;acopeland&quot;, [&quot;111288&quot;]&quot;Coy&quot;&quot;Ochoa&quot;&quot;cochoa&quot;, [&quot;111289&quot;]&quot;Courtney&quot;&quot;Cortez&quot;&quot;ccortez&quot;, [&quot;111290&quot;]&quot;Lori&quot;&quot;Farmer&quot;&quot;lfarmer&quot;, [&quot;111291&quot;]&quot;Marlin&quot;&quot;Jones&quot;&quot;mjones&quot;, [&quot;111292&quot;]&quot;Amparo&quot;&quot;Benjamin&quot;&quot;abenjamin&quot;, [&quot;111293&quot;]&quot;Christopher&quot;&quot;Garza&quot;&quot;cgarza&quot;, [&quot;111294&quot;]&quot;Katina&quot;&quot;Christensen&quot;&quot;kchristensen&quot;, [&quot;111295&quot;]&quot;Dorian&quot;&quot;Burton&quot;&quot;dburton&quot;, [&quot;111296&quot;]&quot;Rory&quot;&quot;Bryan&quot;&quot;rbryan&quot;, [&quot;111297&quot;]&quot;Rhea&quot;&quot;Kaufman&quot;&quot;rkaufman&quot;, [&quot;111298&quot;]&quot;Darwin&quot;&quot;Lindsey&quot;&quot;dlindsey&quot;, [&quot;111299&quot;]&quot;Sergio&quot;&quot;McLean&quot;&quot;smclean&quot;, [&quot;111300&quot;]&quot;Billie&quot;&quot;Davenport&quot;&quot;bdavenport&quot;, [&quot;111301&quot;]&quot;Casey&quot;&quot;Waters&quot;&quot;cwaters&quot;, [&quot;111302&quot;]&quot;Lorie&quot;&quot;Russo&quot;&quot;lrusso&quot;, [&quot;111303&quot;]&quot;Sean&quot;&quot;Wolf&quot;&quot;swolf&quot;, [&quot;111304&quot;]&quot;Lauri&quot;&quot;Preston&quot;&quot;lpreston&quot;, [&quot;111305&quot;]&quot;Taylor&quot;&quot;Ortiz&quot;&quot;tortiz&quot;, [&quot;111306&quot;]&quot;Caleb&quot;&quot;Guy&quot;&quot;cguy&quot;, [&quot;111307&quot;]&quot;Rosanne&quot;&quot;Mathews&quot;&quot;rmathews&quot;, [&quot;111308&quot;]&quot;Karina&quot;&quot;Strickland&quot;&quot;kstrickland&quot;, [&quot;111309&quot;]&quot;Kirsten&quot;&quot;Winters&quot;&quot;kwinters&quot;, [&quot;111310&quot;]&quot;Diego&quot;&quot;Christensen&quot;&quot;dchristensen&quot;, [&quot;111311&quot;]&quot;Kris&quot;&quot;Mills&quot;&quot;kmills&quot;, [&quot;111312&quot;]&quot;Williams&quot;&quot;Murphy&quot;&quot;wmurphy&quot;, [&quot;111313&quot;]&quot;Lori&quot;&quot;Chang&quot;&quot;lchang&quot;, [&quot;111314&quot;]&quot;Lucy&quot;&quot;Sykes&quot;&quot;lsykes&quot;, [&quot;111315&quot;]&quot;Mia&quot;&quot;Dawson&quot;&quot;mdawson&quot;, [&quot;111316&quot;]&quot;Berta&quot;&quot;Hale&quot;&quot;bhale&quot;, [&quot;111317&quot;]&quot;Meagan&quot;&quot;Hart&quot;&quot;mhart&quot;, [&quot;111318&quot;]&quot;Cathleen&quot;&quot;Guzman&quot;&quot;cguzman&quot;, [&quot;111319&quot;]&quot;Bernardo&quot;&quot;Stevenson&quot;&quot;bstevenson&quot;, [&quot;111320&quot;]&quot;Jasper&quot;&quot;Hernandez&quot;&quot;jhernandez1&quot;, [&quot;111321&quot;]&quot;James&quot;&quot;Fuentes&quot;&quot;jfuentes&quot;, [&quot;111322&quot;]&quot;Clare&quot;&quot;Heath&quot;&quot;cheath&quot;, [&quot;111323&quot;]&quot;Minnie&quot;&quot;Jackson&quot;&quot;mjackson&quot;, [&quot;111324&quot;]&quot;Nathaniel&quot;&quot;Ward&quot;&quot;nward&quot;, [&quot;111325&quot;]&quot;Derek&quot;&quot;Bowen&quot;&quot;dbowen&quot;, [&quot;111326&quot;]&quot;Melvin&quot;&quot;Vazquez&quot;&quot;mvazquez&quot;, [&quot;111327&quot;]&quot;Neal&quot;&quot;Johns&quot;&quot;njohns&quot;, [&quot;111328&quot;]&quot;Randy&quot;&quot;Stephenson&quot;&quot;rstephenson&quot;, [&quot;111329&quot;]&quot;Molly&quot;&quot;Delaney&quot;&quot;mdelaney&quot;, [&quot;111330&quot;]&quot;Winston&quot;&quot;Glenn&quot;&quot;wglenn&quot;, [&quot;111331&quot;]&quot;Lynne&quot;&quot;Cobb&quot;&quot;lcobb&quot;, [&quot;111332&quot;]&quot;Jarrett&quot;&quot;Mayer&quot;&quot;jmayer&quot;, [&quot;111333&quot;]&quot;Vincent&quot;&quot;Joseph&quot;&quot;vjoseph&quot;, [&quot;111334&quot;]&quot;Cleveland&quot;&quot;Guerrero&quot;&quot;cguerrero&quot;, [&quot;111335&quot;]&quot;Ira&quot;&quot;Richardson&quot;&quot;irichardson&quot;, [&quot;111336&quot;]&quot;Lorrie&quot;&quot;Ellison&quot;&quot;lellison&quot;, [&quot;111337&quot;]&quot;Elias&quot;&quot;Talley&quot;&quot;etalley&quot;, [&quot;111338&quot;]&quot;Clement&quot;&quot;Le&quot;&quot;cle&quot;, [&quot;111339&quot;]&quot;Keisha&quot;&quot;Stone&quot;&quot;kstone&quot;, [&quot;111340&quot;]&quot;Moises&quot;&quot;Potts&quot;&quot;mpotts&quot;, [&quot;111341&quot;]&quot;Chris&quot;&quot;Blanchard&quot;&quot;cblanchard&quot;, [&quot;111342&quot;]&quot;Pearlie&quot;&quot;Hancock&quot;&quot;phancock&quot;, [&quot;111343&quot;]&quot;Randy&quot;&quot;Kim&quot;&quot;rkim&quot;, [&quot;111344&quot;]&quot;Tammie&quot;&quot;Ewing&quot;&quot;tewing&quot;, [&quot;111345&quot;]&quot;Alisa&quot;&quot;Shaw&quot;&quot;ashaw&quot;, [&quot;111346&quot;]&quot;Bobbie&quot;&quot;Moore&quot;&quot;bmoore&quot;, [&quot;111347&quot;]&quot;Colby&quot;&quot;Barr&quot;&quot;cbarr&quot;, [&quot;111348&quot;]&quot;Kaye&quot;&quot;Pierce&quot;&quot;kpierce&quot;, [&quot;111349&quot;]&quot;Jonas&quot;&quot;Miranda&quot;&quot;jmiranda&quot;, [&quot;111350&quot;]&quot;Anton&quot;&quot;Wood&quot;&quot;awood&quot;, [&quot;111351&quot;]&quot;Charley&quot;&quot;Sheppard&quot;&quot;csheppard&quot;, [&quot;111352&quot;]&quot;Denver&quot;&quot;Skinner&quot;&quot;dskinner&quot;, [&quot;111353&quot;]&quot;Gail&quot;&quot;Carver&quot;&quot;gcarver&quot;, [&quot;111354&quot;]&quot;Kendrick&quot;&quot;Lawson&quot;&quot;klawson&quot;, [&quot;111355&quot;]&quot;Cyril&quot;&quot;Best&quot;&quot;cbest&quot;, [&quot;111356&quot;]&quot;Charlie&quot;&quot;Shepherd&quot;&quot;cshepherd&quot;, [&quot;111357&quot;]&quot;Jonas&quot;&quot;Potts&quot;&quot;jpotts&quot;, [&quot;111358&quot;]&quot;Ray&quot;&quot;Armstrong&quot;&quot;rarmstrong&quot;, [&quot;111359&quot;]&quot;Cyrus&quot;&quot;Mays&quot;&quot;cmays&quot;, [&quot;111360&quot;]&quot;Alonzo&quot;&quot;Schmidt&quot;&quot;aschmidt&quot;, [&quot;111361&quot;]&quot;Jacklyn&quot;&quot;Simpson&quot;&quot;jsimpson&quot;, [&quot;111362&quot;]&quot;Jess&quot;&quot;Rowe&quot;&quot;jrowe&quot;, [&quot;111363&quot;]&quot;Tamika&quot;&quot;Hinton&quot;&quot;thinton&quot;, [&quot;111364&quot;]&quot;Ronnie&quot;&quot;William&quot;&quot;rwilliam&quot;, [&quot;111365&quot;]&quot;Brendan&quot;&quot;Gamble&quot;&quot;bgamble&quot;, [&quot;111366&quot;]&quot;Willie&quot;&quot;Lloyd&quot;&quot;wlloyd&quot;, [&quot;111367&quot;]&quot;Misty&quot;&quot;Marquez&quot;&quot;mmarquez&quot;, [&quot;111368&quot;]&quot;Emery&quot;&quot;Roth&quot;&quot;eroth&quot;, [&quot;111369&quot;]&quot;Booker&quot;&quot;Maynard&quot;&quot;bmaynard&quot;, [&quot;111370&quot;]&quot;Eloy&quot;&quot;Wise&quot;&quot;ewise&quot;, [&quot;111371&quot;]&quot;Dwight&quot;&quot;Schneider&quot;&quot;dschneider&quot;, [&quot;111372&quot;]&quot;Kurt&quot;&quot;Mullins&quot;&quot;kmullins&quot;, [&quot;111373&quot;]&quot;Demetrius&quot;&quot;Winters&quot;&quot;dwinters&quot;, [&quot;111374&quot;]&quot;Rosella&quot;&quot;Fitzpatrick&quot;&quot;rfitzpatrick&quot;, [&quot;111375&quot;]&quot;Denny&quot;&quot;Keith&quot;&quot;dkeith&quot;, [&quot;111376&quot;]&quot;Nell&quot;&quot;Burt&quot;&quot;nburt&quot;, [&quot;111377&quot;]&quot;Brady&quot;&quot;Doyle&quot;&quot;bdoyle&quot;, [&quot;111378&quot;]&quot;Roberto&quot;&quot;Thompson&quot;&quot;rthompson&quot;, [&quot;111379&quot;]&quot;Lauren&quot;&quot;O'Brien&quot;&quot;lobrien&quot;, [&quot;111380&quot;]&quot;Sarah&quot;&quot;Contreras&quot;&quot;scontreras&quot;, [&quot;111381&quot;]&quot;Rex&quot;&quot;Gilliam&quot;&quot;rgilliam&quot;, [&quot;111382&quot;]&quot;Mauricio&quot;&quot;Harrington&quot;&quot;mharrington&quot;, [&quot;111383&quot;]&quot;Abby&quot;&quot;Berry&quot;&quot;aberry&quot;, [&quot;111384&quot;]&quot;Sammie&quot;&quot;Blanchard&quot;&quot;sblanchard&quot;, [&quot;111385&quot;]&quot;Vera&quot;&quot;Shepherd&quot;&quot;vshepherd&quot;, [&quot;111386&quot;]&quot;Jesus&quot;&quot;Wolfe&quot;&quot;jwolfe&quot;, [&quot;111387&quot;]&quot;Damon&quot;&quot;Shaffer&quot;&quot;dshaffer&quot;, [&quot;111388&quot;]&quot;Nicolas&quot;&quot;Miles&quot;&quot;nmiles&quot;, [&quot;111389&quot;]&quot;Donny&quot;&quot;Odom&quot;&quot;dodom&quot;, [&quot;111390&quot;]&quot;Parker&quot;&quot;Davenport&quot;&quot;pdavenport&quot;, [&quot;111391&quot;]&quot;Aurora&quot;&quot;Foreman&quot;&quot;aforeman&quot;, [&quot;111392&quot;]&quot;Silvia&quot;&quot;Ewing&quot;&quot;sewing&quot;, [&quot;111393&quot;]&quot;Ricky&quot;&quot;Lang&quot;&quot;rlang&quot;, [&quot;111394&quot;]&quot;Nigel&quot;&quot;Fields&quot;&quot;nfields&quot;, [&quot;111395&quot;]&quot;Bridgett&quot;&quot;Grimes&quot;&quot;bgrimes&quot;, [&quot;111396&quot;]&quot;Sylvester&quot;&quot;McLeod&quot;&quot;smcleod&quot;, [&quot;111397&quot;]&quot;Kurtis&quot;&quot;Hyde&quot;&quot;khyde&quot;, [&quot;111398&quot;]&quot;Clyde&quot;&quot;Duffy&quot;&quot;cduffy&quot;, [&quot;111399&quot;]&quot;Dewey&quot;&quot;Roberts&quot;&quot;droberts&quot;, [&quot;111400&quot;]&quot;Rosalyn&quot;&quot;Dotson&quot;&quot;rdotson&quot;, [&quot;111401&quot;]&quot;Frank&quot;&quot;Castillo&quot;&quot;fcastillo&quot;, [&quot;111402&quot;]&quot;Scotty&quot;&quot;Horne&quot;&quot;shorne&quot;, [&quot;111403&quot;]&quot;Jeffrey&quot;&quot;Drake&quot;&quot;jdrake&quot;, [&quot;111404&quot;]&quot;Ross&quot;&quot;Bauer&quot;&quot;rbauer&quot;, [&quot;111405&quot;]&quot;Augustine&quot;&quot;Osborne&quot;&quot;aosborne&quot;, [&quot;111406&quot;]&quot;Glenna&quot;&quot;Walter&quot;&quot;gwalter&quot;, [&quot;111407&quot;]&quot;Ed&quot;&quot;Terrell&quot;&quot;eterrell&quot;, [&quot;111408&quot;]&quot;Guadalupe&quot;&quot;Alford&quot;&quot;galford&quot;, [&quot;111409&quot;]&quot;Bret&quot;&quot;Marsh&quot;&quot;bmarsh&quot;, [&quot;111410&quot;]&quot;Rory&quot;&quot;Dominguez&quot;&quot;rdominguez&quot;]]&gt;
	at org.junit.Assert.assertEquals(Assert.java:115)
	at org.junit.Assert.assertEquals(Assert.java:144)
	at edu.jsu.mcis.LeaderBoardTest.testGetStudent(LeaderBoardTest.java:18)
	at sun.reflect.NativeMethodAccessorImpl.invoke0(Native Method)
	at sun.reflect.NativeMethodAccessorImpl.invoke(NativeMethodAccessorImpl.java:62)
	at sun.reflect.DelegatingMethodAccessorImpl.invoke(DelegatingMethodAccessorImpl.java:43)
	at java.lang.reflect.Method.invoke(Method.java:497)
	at org.junit.runners.model.FrameworkMethod$1.runReflectiveCall(FrameworkMethod.java:50)
	at org.junit.internal.runners.model.ReflectiveCallable.run(ReflectiveCallable.java:12)
	at org.junit.runners.model.FrameworkMethod.invokeExplosively(FrameworkMethod.java:47)
	at org.junit.internal.runners.statements.InvokeMethod.evaluate(InvokeMethod.java:17)
	at org.junit.runners.ParentRunner.runLeaf(ParentRunner.java:325)
	at org.junit.runners.BlockJUnit4ClassRunner.runChild(BlockJUnit4ClassRunner.java:78)
	at org.junit.runners.BlockJUnit4ClassRunner.runChild(BlockJUnit4ClassRunner.java:57)
	at org.junit.runners.ParentRunner$3.run(ParentRunner.java:290)
	at org.junit.runners.ParentRunner$1.schedule(ParentRunner.java:71)
	at org.junit.runners.ParentRunner.runChildren(ParentRunner.java:288)
	at org.junit.runners.ParentRunner.access$000(ParentRunner.java:58)
	at org.junit.runners.ParentRunner$2.evaluate(ParentRunner.java:268)
	at org.junit.runners.ParentRunner.run(ParentRunner.java:363)
	at org.gradle.api.internal.tasks.testing.junit.JUnitTestClassExecuter.runTestClass(JUnitTestClassExecuter.java:114)
	at org.gradle.api.internal.tasks.testing.junit.JUnitTestClassExecuter.execute(JUnitTestClassExecuter.java:57)
	at org.gradle.api.internal.tasks.testing.junit.JUnitTestClassProcessor.processTestClass(JUnitTestClassProcessor.java:66)
	at org.gradle.api.internal.tasks.testing.SuiteTestClassProcessor.processTestClass(SuiteTestClassProcessor.java:51)
	at sun.reflect.NativeMethodAccessorImpl.invoke0(Native Method)
	at sun.reflect.NativeMethodAccessorImpl.invoke(NativeMethodAccessorImpl.java:62)
	at sun.reflect.DelegatingMethodAccessorImpl.invoke(DelegatingMethodAccessorImpl.java:43)
	at java.lang.reflect.Method.invoke(Method.java:497)
	at org.gradle.internal.dispatch.ReflectionDispatch.dispatch(ReflectionDispatch.java:35)
	at org.gradle.internal.dispatch.ReflectionDispatch.dispatch(ReflectionDispatch.java:24)
	at org.gradle.internal.dispatch.ContextClassLoaderDispatch.dispatch(ContextClassLoaderDispatch.java:32)
	at org.gradle.internal.dispatch.ProxyDispatchAdapter$DispatchingInvocationHandler.invoke(ProxyDispatchAdapter.java:93)
	at com.sun.proxy.$Proxy2.processTestClass(Unknown Source)
	at org.gradle.api.internal.tasks.testing.worker.TestWorker.processTestClass(TestWorker.java:109)
	at sun.reflect.NativeMethodAccessorImpl.invoke0(Native Method)
	at sun.reflect.NativeMethodAccessorImpl.invoke(NativeMethodAccessorImpl.java:62)
	at sun.reflect.DelegatingMethodAccessorImpl.invoke(DelegatingMethodAccessorImpl.java:43)
	at java.lang.reflect.Method.invoke(Method.java:497)
	at org.gradle.internal.dispatch.ReflectionDispatch.dispatch(ReflectionDispatch.java:35)
	at org.gradle.internal.dispatch.ReflectionDispatch.dispatch(ReflectionDispatch.java:24)
	at org.gradle.internal.remote.internal.hub.MessageHub$Handler.run(MessageHub.java:377)
	at org.gradle.internal.concurrent.ExecutorPolicy$CatchAndRecordFailures.onExecute(ExecutorPolicy.java:54)
	at org.gradle.internal.concurrent.StoppableExecutorImpl$1.run(StoppableExecutorImpl.java:40)
	at java.util.concurrent.ThreadPoolExecutor.runWorker(ThreadPoolExecutor.java:1142)
	at java.util.concurrent.ThreadPoolExecutor$Worker.run(ThreadPoolExecutor.java:617)
	at java.lang.Thread.run(Thread.java:745)
</failure>
  </testcase>
  <testcase name="testGetCourse" classname="edu.jsu.mcis.LeaderBoardTest" time="0.004">
    <failure message="org.junit.ComparisonFailure: expected:&lt;[[99000] Spring&#9;2013&#9;(11 students)]&gt; but was:&lt;[[[&quot;ID&quot;]&quot;Term&quot;&quot;Year&quot;(&quot;Size&quot; students), [&quot;99000&quot;]&quot;Spring&quot;&quot;2013&quot;(&quot;11&quot; students), [&quot;99001&quot;]&quot;Summer&quot;&quot;2012&quot;(&quot;9&quot; students), [&quot;99002&quot;]&quot;Fall&quot;&quot;2016&quot;(&quot;13&quot; students), [&quot;99003&quot;]&quot;Spring&quot;&quot;2012&quot;(&quot;17&quot; students), [&quot;99004&quot;]&quot;Spring&quot;&quot;2015&quot;(&quot;20&quot; students), [&quot;99005&quot;]&quot;Summer&quot;&quot;2016&quot;(&quot;15&quot; students), [&quot;99006&quot;]&quot;Spring&quot;&quot;2014&quot;(&quot;23&quot; students), [&quot;99007&quot;]&quot;Spring&quot;&quot;2012&quot;(&quot;7&quot; students), [&quot;99008&quot;]&quot;Summer&quot;&quot;2016&quot;(&quot;9&quot; students), [&quot;99009&quot;]&quot;Spring&quot;&quot;2012&quot;(&quot;25&quot; students), [&quot;99010&quot;]&quot;Summer&quot;&quot;2016&quot;(&quot;8&quot; students), [&quot;99011&quot;]&quot;Spring&quot;&quot;2014&quot;(&quot;7&quot; students), [&quot;99012&quot;]&quot;Fall&quot;&quot;2015&quot;(&quot;22&quot; students), [&quot;99013&quot;]&quot;Summer&quot;&quot;2014&quot;(&quot;11&quot; students), [&quot;99014&quot;]&quot;Summer&quot;&quot;2015&quot;(&quot;13&quot; students), [&quot;99015&quot;]&quot;Summer&quot;&quot;2016&quot;(&quot;10&quot; students), [&quot;99016&quot;]&quot;Spring&quot;&quot;2014&quot;(&quot;12&quot; students), [&quot;99017&quot;]&quot;Summer&quot;&quot;2014&quot;(&quot;15&quot; students), [&quot;99018&quot;]&quot;Spring&quot;&quot;2014&quot;(&quot;16&quot; students), [&quot;99019&quot;]&quot;Fall&quot;&quot;2013&quot;(&quot;20&quot; students), [&quot;99020&quot;]&quot;Spring&quot;&quot;2014&quot;(&quot;8&quot; students), [&quot;99021&quot;]&quot;Spring&quot;&quot;2012&quot;(&quot;25&quot; students), [&quot;99022&quot;]&quot;Summer&quot;&quot;2012&quot;(&quot;11&quot; students), [&quot;99023&quot;]&quot;Spring&quot;&quot;2013&quot;(&quot;7&quot; students), [&quot;99024&quot;]&quot;Fall&quot;&quot;2014&quot;(&quot;9&quot; students)]]&gt;" type="org.junit.ComparisonFailure">org.junit.ComparisonFailure: expected:&lt;[[99000] Spring	2013	(11 students)]&gt; but was:&lt;[[[&quot;ID&quot;]&quot;Term&quot;&quot;Year&quot;(&quot;Size&quot; students), [&quot;99000&quot;]&quot;Spring&quot;&quot;2013&quot;(&quot;11&quot; students), [&quot;99001&quot;]&quot;Summer&quot;&quot;2012&quot;(&quot;9&quot; students), [&quot;99002&quot;]&quot;Fall&quot;&quot;2016&quot;(&quot;13&quot; students), [&quot;99003&quot;]&quot;Spring&quot;&quot;2012&quot;(&quot;17&quot; students), [&quot;99004&quot;]&quot;Spring&quot;&quot;2015&quot;(&quot;20&quot; students), [&quot;99005&quot;]&quot;Summer&quot;&quot;2016&quot;(&quot;15&quot; students), [&quot;99006&quot;]&quot;Spring&quot;&quot;2014&quot;(&quot;23&quot; students), [&quot;99007&quot;]&quot;Spring&quot;&quot;2012&quot;(&quot;7&quot; students), [&quot;99008&quot;]&quot;Summer&quot;&quot;2016&quot;(&quot;9&quot; students), [&quot;99009&quot;]&quot;Spring&quot;&quot;2012&quot;(&quot;25&quot; students), [&quot;99010&quot;]&quot;Summer&quot;&quot;2016&quot;(&quot;8&quot; students), [&quot;99011&quot;]&quot;Spring&quot;&quot;2014&quot;(&quot;7&quot; students), [&quot;99012&quot;]&quot;Fall&quot;&quot;2015&quot;(&quot;22&quot; students), [&quot;99013&quot;]&quot;Summer&quot;&quot;2014&quot;(&quot;11&quot; students), [&quot;99014&quot;]&quot;Summer&quot;&quot;2015&quot;(&quot;13&quot; students), [&quot;99015&quot;]&quot;Summer&quot;&quot;2016&quot;(&quot;10&quot; students), [&quot;99016&quot;]&quot;Spring&quot;&quot;2014&quot;(&quot;12&quot; students), [&quot;99017&quot;]&quot;Summer&quot;&quot;2014&quot;(&quot;15&quot; students), [&quot;99018&quot;]&quot;Spring&quot;&quot;2014&quot;(&quot;16&quot; students), [&quot;99019&quot;]&quot;Fall&quot;&quot;2013&quot;(&quot;20&quot; students), [&quot;99020&quot;]&quot;Spring&quot;&quot;2014&quot;(&quot;8&quot; students), [&quot;99021&quot;]&quot;Spring&quot;&quot;2012&quot;(&quot;25&quot; students), [&quot;99022&quot;]&quot;Summer&quot;&quot;2012&quot;(&quot;11&quot; students), [&quot;99023&quot;]&quot;Spring&quot;&quot;2013&quot;(&quot;7&quot; students), [&quot;99024&quot;]&quot;Fall&quot;&quot;2014&quot;(&quot;9&quot; students)]]&gt;
	at org.junit.Assert.assertEquals(Assert.java:115)
	at org.junit.Assert.assertEquals(Assert.java:144)
	at edu.jsu.mcis.LeaderBoardTest.testGetCourse(LeaderBoardTest.java:27)
	at sun.reflect.NativeMethodAccessorImpl.invoke0(Native Method)
	at sun.reflect.NativeMethodAccessorImpl.invoke(NativeMethodAccessorImpl.java:62)
	at sun.reflect.DelegatingMethodAccessorImpl.invoke(DelegatingMethodAccessorImpl.java:43)
	at java.lang.reflect.Method.invoke(Method.java:497)
	at org.junit.runners.model.FrameworkMethod$1.runReflectiveCall(FrameworkMethod.java:50)
	at org.junit.internal.runners.model.ReflectiveCallable.run(ReflectiveCallable.java:12)
	at org.junit.runners.model.FrameworkMethod.invokeExplosively(FrameworkMethod.java:47)
	at org.junit.internal.runners.statements.InvokeMethod.evaluate(InvokeMethod.java:17)
	at org.junit.runners.ParentRunner.runLeaf(ParentRunner.java:325)
	at org.junit.runners.BlockJUnit4ClassRunner.runChild(BlockJUnit4ClassRunner.java:78)
	at org.junit.runners.BlockJUnit4ClassRunner.runChild(BlockJUnit4ClassRunner.java:57)
	at org.junit.runners.ParentRunner$3.run(ParentRunner.java:290)
	at org.junit.runners.ParentRunner$1.schedule(ParentRunner.java:71)
	at org.junit.runners.ParentRunner.runChildren(ParentRunner.java:288)
	at org.junit.runners.ParentRunner.access$000(ParentRunner.java:58)
	at org.junit.runners.ParentRunner$2.evaluate(ParentRunner.java:268)
	at org.junit.runners.ParentRunner.run(ParentRunner.java:363)
	at org.gradle.api.internal.tasks.testing.junit.JUnitTestClassExecuter.runTestClass(JUnitTestClassExecuter.java:114)
	at org.gradle.api.internal.tasks.testing.junit.JUnitTestClassExecuter.execute(JUnitTestClassExecuter.java:57)
	at org.gradle.api.internal.tasks.testing.junit.JUnitTestClassProcessor.processTestClass(JUnitTestClassProcessor.java:66)
	at org.gradle.api.internal.tasks.testing.SuiteTestClassProcessor.processTestClass(SuiteTestClassProcessor.java:51)
	at sun.reflect.NativeMethodAccessorImpl.invoke0(Native Method)
	at sun.reflect.NativeMethodAccessorImpl.invoke(NativeMethodAccessorImpl.java:62)
	at sun.reflect.DelegatingMethodAccessorImpl.invoke(DelegatingMethodAccessorImpl.java:43)
	at java.lang.reflect.Method.invoke(Method.java:497)
	at org.gradle.internal.dispatch.ReflectionDispatch.dispatch(ReflectionDispatch.java:35)
	at org.gradle.internal.dispatch.ReflectionDispatch.dispatch(ReflectionDispatch.java:24)
	at org.gradle.internal.dispatch.ContextClassLoaderDispatch.dispatch(ContextClassLoaderDispatch.java:32)
	at org.gradle.internal.dispatch.ProxyDispatchAdapter$DispatchingInvocationHandler.invoke(ProxyDispatchAdapter.java:93)
	at com.sun.proxy.$Proxy2.processTestClass(Unknown Source)
	at org.gradle.api.internal.tasks.testing.worker.TestWorker.processTestClass(TestWorker.java:109)
	at sun.reflect.NativeMethodAccessorImpl.invoke0(Native Method)
	at sun.reflect.NativeMethodAccessorImpl.invoke(NativeMethodAccessorImpl.java:62)
	at sun.reflect.DelegatingMethodAccessorImpl.invoke(DelegatingMethodAccessorImpl.java:43)
	at java.lang.reflect.Method.invoke(Method.java:497)
	at org.gradle.internal.dispatch.ReflectionDispatch.dispatch(ReflectionDispatch.java:35)
	at org.gradle.internal.dispatch.ReflectionDispatch.dispatch(ReflectionDispatch.java:24)
	at org.gradle.internal.remote.internal.hub.MessageHub$Handler.run(MessageHub.java:377)
	at org.gradle.internal.concurrent.ExecutorPolicy$CatchAndRecordFailures.onExecute(ExecutorPolicy.java:54)
	at org.gradle.internal.concurrent.StoppableExecutorImpl$1.run(StoppableExecutorImpl.java:40)
	at java.util.concurrent.ThreadPoolExecutor.runWorker(ThreadPoolExecutor.java:1142)
	at java.util.concurrent.ThreadPoolExecutor$Worker.run(ThreadPoolExecutor.java:617)
	at java.lang.Thread.run(Thread.java:745)
</failure>
  </testcase>
  <system-out><![CDATA[]]></system-out>
  <system-err><![CDATA[]]></system-err>
</testsuite>
